<?xml version="1.0" encoding="UTF-8"?>
<!-- Generated by org.testng.reporters.JUnitReportReporter -->
<testsuite skipped="0" hostname="LAPTOP-SMC8HIAI" name="com.actitime.test.TestActiTimeVerifyPageTitle" tests="1" failures="0" timestamp="2021-07-12T09:21:15 IST" time="22.073" errors="0">
  <testcase name="verifyLoginPageTitle" time="22.073" classname="com.actitime.test.TestActiTimeVerifyPageTitle"/>
  <system-out>
    <![CDATA[The login page Title is matching]]>
  </system-out>
</testsuite> <!-- com.actitime.test.TestActiTimeVerifyPageTitle -->
